0bd91f4a-3f6d-4e32-b0b5-231a632fbf7a user@archival:/media/extradisk/intellect timestamp=1646225796.344787742s
0ce9b952-092d-4338-8970-d5f3a6c6976a karl@Karl-Semich--0xloem-at-gmail-dot-com--txt-1-207-518-8256:/media/karl/microsd-onno/src-onno-karl/care/projects/xloem-intellect timestamp=1592831103.584978376s
19e228ef-dc3f-4fdb-b394-0bc99c3fb03c karl@Karl-Semich--0xloem-at-gmail-dot-com--txt-1-207-518-8256:/media/karl/microsd-onno/src-onno-karl/care/TEST timestamp=1587738217.773529854s
245129f3-8274-49cd-9053-7b8b9801a4ef skynet timestamp=1585685996.490965622s
4142bc1b-734e-4fa8-90a1-09b856b68293 user@localhost.localdomain:/media/4/intellect timestamp=1608734382.885531888s
423aa041-66a1-452f-8248-bef7d295bf06 w3-3 timestamp=1662715340.083016579s
56f514d8-4210-45c1-86dc-36149bc95226 arkb-free timestamp=1648977663.169443618s
6037aa14-c0c9-45a4-9c31-9075ec1737ca karl@Karl-Semich--0xloem-at-gmail-dot-com--txt-1-207-518-8256:~/src/care/resources/permanent-annex/worktrees/karl-semich-code-repositories/git/authority-brutality/public-artificial-intelligence-source-code/hobby-karl-semich-insanity.git timestamp=1592831548.091030887s
65a172c8-7b53-4759-8fe5-8a54b2cee509 karl@teres-a64:~/src/care timestamp=1589400853.675308434s
6a8bc2d6-50e6-49c6-b4dd-22b53353ea65 karl@Karl-Semich--0xloem-at-gmail-dot-com--txt-1-207-518-8256:~/src/care timestamp=1584794544.837949763s
8af66f25-e93c-4286-a4fe-0639b2770a82 3 timestamp=1604049439.98023944s
9195b81e-c9ed-4930-9e9b-89c74de1c030 user@archival:~/src/intellect timestamp=1645982538.586606628s
931e2441-9da1-4525-8e51-76fdca7a49d6 arkb-free timestamp=1649955033.985655274s
959a9004-de7e-4316-9fe3-9c6e53664ef2 karl@teres-a64:/media/usb/intellect.git timestamp=1592382374.092748994s
a43ae2e0-5d59-4aef-a62c-27fc60d7bfc6 user@host:~/src/intellect timestamp=1645871807.754586855s
b4656743-0574-4e7d-8f5c-81605550d670 ubuntu@ubuntu:/media/extra/intellect.git timestamp=1645649843.975536215s
b67550ed-4245-440d-84b4-27ef008bfcc7 nu timestamp=1584795219.535842089s
bec4faa2-308d-4439-b8bf-50c1951536b2 tmp timestamp=1616489759.275497508s
db108487-c046-4b52-a1fa-fe8dcc4c62d8 user@localhost.localdomain:/shared/src/intellect timestamp=1597488650.660525802s
e36f5506-8394-4f30-9fb1-8adfb9ff036c user@debian:~/src/intellect timestamp=1645817301.64935176s
e5f8b0d6-bfd5-41a4-8f1c-dbdde8b9eeda pi@raspberrypi:/mnt/4/scratch/intellect timestamp=1620493177.629457312s
eb713636-f34c-4c18-b8aa-a51973d421d2 karl@Karl-Semich--0xloem-at-gmail-dot-com--txt-1-207-518-8256:/media/usb/intellect.git timestamp=1596919658.130251152s
eef7f4f8-a4df-45fe-922d-5ede825feb69 meant2beannexpi timestamp=1612040802.213659752s
f341bb71-8066-486c-be24-768ef7a144f6 karl@teres-a64:~/src/intellect timestamp=1592381541.207056295s
