The system is: Linux - 4.15.0-88-generic - x86_64
Compiling the C compiler identification source file "CMakeCCompilerId.c" succeeded.
Compiler: /usr/bin/cc 
Build flags: 
Id flags:  

The output was:
0


Compilation of the C compiler identification source "CMakeCCompilerId.c" produced "a.out"

The C compiler identification is GNU, found in "/home/karl/src/care/projects/xloem-intellect/starts/push/CMakeFiles/3.10.2/CompilerIdC/a.out"

Compiling the CXX compiler identification source file "CMakeCXXCompilerId.cpp" succeeded.
Compiler: /usr/bin/c++ 
Build flags: 
Id flags:  

The output was:
0


Compilation of the CXX compiler identification source "CMakeCXXCompilerId.cpp" produced "a.out"

The CXX compiler identification is GNU, found in "/home/karl/src/care/projects/xloem-intellect/starts/push/CMakeFiles/3.10.2/CompilerIdCXX/a.out"

Determining if the C compiler works passed with the following output:
Change Dir: /home/karl/src/care/projects/xloem-intellect/starts/push/CMakeFiles/CMakeTmp

Run Build Command:"/usr/bin/make" "cmTC_de26d/fast"
make[1]: Entering directory '/home/karl/src/care/projects/xloem-intellect/starts/push/CMakeFiles/CMakeTmp'
/usr/bin/make -f CMakeFiles/cmTC_de26d.dir/build.make CMakeFiles/cmTC_de26d.dir/build
make[2]: Entering directory '/home/karl/src/care/projects/xloem-intellect/starts/push/CMakeFiles/CMakeTmp'
Building C object CMakeFiles/cmTC_de26d.dir/testCCompiler.c.o
/usr/bin/cc    -o CMakeFiles/cmTC_de26d.dir/testCCompiler.c.o   -c /home/karl/src/care/projects/xloem-intellect/starts/push/CMakeFiles/CMakeTmp/testCCompiler.c
Linking C executable cmTC_de26d
/usr/bin/cmake -E cmake_link_script CMakeFiles/cmTC_de26d.dir/link.txt --verbose=1
/usr/bin/cc      -rdynamic CMakeFiles/cmTC_de26d.dir/testCCompiler.c.o  -o cmTC_de26d 
make[2]: Leaving directory '/home/karl/src/care/projects/xloem-intellect/starts/push/CMakeFiles/CMakeTmp'
make[1]: Leaving directory '/home/karl/src/care/projects/xloem-intellect/starts/push/CMakeFiles/CMakeTmp'


